[2024-03-20 15:25:02] production.ERROR: stty: 'standard input': Input/output error {"exception":"[object] (RuntimeException(code: 1): stty: 'standard input': Input/output error at /home/rafaelsilva/html/vendor/laravel/prompts/src/Terminal.php:100)
[stacktrace]
#0 /home/rafaelsilva/html/vendor/laravel/prompts/src/Terminal.php(51): Laravel\\Prompts\\Terminal->exec()
#1 /home/rafaelsilva/html/vendor/laravel/prompts/src/Prompt.php(392): Laravel\\Prompts\\Terminal->restoreTty()
#2 /home/rafaelsilva/html/vendor/laravel/prompts/src/helpers.php(52): Laravel\\Prompts\\Prompt->__destruct()
#3 /home/rafaelsilva/html/vendor/laravel/framework/src/Illuminate/Console/ConfirmableTrait.php(31): Laravel\\Prompts\\confirm()
#4 /home/rafaelsilva/html/vendor/laravel/framework/src/Illuminate/Database/Console/Migrations/MigrateCommand.php(79): Illuminate\\Database\\Console\\Migrations\\MigrateCommand->confirmToProceed()
#5 /home/rafaelsilva/html/vendor/laravel/framework/src/Illuminate/Container/BoundMethod.php(36): Illuminate\\Database\\Console\\Migrations\\MigrateCommand->handle()
#6 /home/rafaelsilva/html/vendor/laravel/framework/src/Illuminate/Container/Util.php(41): Illuminate\\Container\\BoundMethod::Illuminate\\Container\\{closure}()
#7 /home/rafaelsilva/html/vendor/laravel/framework/src/Illuminate/Container/BoundMethod.php(93): Illuminate\\Container\\Util::unwrapIfClosure()
#8 /home/rafaelsilva/html/vendor/laravel/framework/src/Illuminate/Container/BoundMethod.php(37): Illuminate\\Container\\BoundMethod::callBoundMethod()
#9 /home/rafaelsilva/html/vendor/laravel/framework/src/Illuminate/Container/Container.php(662): Illuminate\\Container\\BoundMethod::call()
#10 /home/rafaelsilva/html/vendor/laravel/framework/src/Illuminate/Console/Command.php(211): Illuminate\\Container\\Container->call()
#11 /home/rafaelsilva/html/vendor/symfony/console/Command/Command.php(326): Illuminate\\Console\\Command->execute()
#12 /home/rafaelsilva/html/vendor/laravel/framework/src/Illuminate/Console/Command.php(181): Symfony\\Component\\Console\\Command\\Command->run()
#13 /home/rafaelsilva/html/vendor/symfony/console/Application.php(1096): Illuminate\\Console\\Command->run()
#14 /home/rafaelsilva/html/vendor/symfony/console/Application.php(324): Symfony\\Component\\Console\\Application->doRunCommand()
#15 /home/rafaelsilva/html/vendor/symfony/console/Application.php(175): Symfony\\Component\\Console\\Application->doRun()
#16 /home/rafaelsilva/html/vendor/laravel/framework/src/Illuminate/Foundation/Console/Kernel.php(201): Symfony\\Component\\Console\\Application->run()
#17 /home/rafaelsilva/html/artisan(37): Illuminate\\Foundation\\Console\\Kernel->handle()
#18 {main}

[previous exception] [object] (ErrorException(code: 0): fread(): Read of 8192 bytes failed with errno=5 Input/output error at /home/rafaelsilva/html/vendor/laravel/prompts/src/Terminal.php:30)
[stacktrace]
#0 /home/rafaelsilva/html/vendor/laravel/framework/src/Illuminate/Foundation/Bootstrap/HandleExceptions.php(255): Illuminate\\Foundation\\Bootstrap\\HandleExceptions->handleError()
#1 [internal function]: Illuminate\\Foundation\\Bootstrap\\HandleExceptions->Illuminate\\Foundation\\Bootstrap\\{closure}()
#2 /home/rafaelsilva/html/vendor/laravel/prompts/src/Terminal.php(30): fread()
#3 /home/rafaelsilva/html/vendor/laravel/prompts/src/Prompt.php(114): Laravel\\Prompts\\Terminal->read()
#4 /home/rafaelsilva/html/vendor/laravel/prompts/src/helpers.php(52): Laravel\\Prompts\\Prompt->prompt()
#5 /home/rafaelsilva/html/vendor/laravel/framework/src/Illuminate/Console/ConfirmableTrait.php(31): Laravel\\Prompts\\confirm()
#6 /home/rafaelsilva/html/vendor/laravel/framework/src/Illuminate/Database/Console/Migrations/MigrateCommand.php(79): Illuminate\\Database\\Console\\Migrations\\MigrateCommand->confirmToProceed()
#7 /home/rafaelsilva/html/vendor/laravel/framework/src/Illuminate/Container/BoundMethod.php(36): Illuminate\\Database\\Console\\Migrations\\MigrateCommand->handle()
#8 /home/rafaelsilva/html/vendor/laravel/framework/src/Illuminate/Container/Util.php(41): Illuminate\\Container\\BoundMethod::Illuminate\\Container\\{closure}()
#9 /home/rafaelsilva/html/vendor/laravel/framework/src/Illuminate/Container/BoundMethod.php(93): Illuminate\\Container\\Util::unwrapIfClosure()
#10 /home/rafaelsilva/html/vendor/laravel/framework/src/Illuminate/Container/BoundMethod.php(37): Illuminate\\Container\\BoundMethod::callBoundMethod()
#11 /home/rafaelsilva/html/vendor/laravel/framework/src/Illuminate/Container/Container.php(662): Illuminate\\Container\\BoundMethod::call()
#12 /home/rafaelsilva/html/vendor/laravel/framework/src/Illuminate/Console/Command.php(211): Illuminate\\Container\\Container->call()
#13 /home/rafaelsilva/html/vendor/symfony/console/Command/Command.php(326): Illuminate\\Console\\Command->execute()
#14 /home/rafaelsilva/html/vendor/laravel/framework/src/Illuminate/Console/Command.php(181): Symfony\\Component\\Console\\Command\\Command->run()
#15 /home/rafaelsilva/html/vendor/symfony/console/Application.php(1096): Illuminate\\Console\\Command->run()
#16 /home/rafaelsilva/html/vendor/symfony/console/Application.php(324): Symfony\\Component\\Console\\Application->doRunCommand()
#17 /home/rafaelsilva/html/vendor/symfony/console/Application.php(175): Symfony\\Component\\Console\\Application->doRun()
#18 /home/rafaelsilva/html/vendor/laravel/framework/src/Illuminate/Foundation/Console/Kernel.php(201): Symfony\\Component\\Console\\Application->run()
#19 /home/rafaelsilva/html/artisan(37): Illuminate\\Foundation\\Console\\Kernel->handle()
#20 {main}
"} 
